0 info it worked if it ends with ok
1 verbose cli [ '/Users/dayne.mentier/.nvm/versions/node/v6.3.0/bin/node',
1 verbose cli   '/Users/dayne.mentier/.nvm/versions/node/v6.3.0/bin/npm',
1 verbose cli   'run',
1 verbose cli   'test' ]
2 info using npm@3.10.3
3 info using node@v6.3.0
4 verbose run-script [ 'pretest', 'test', 'posttest' ]
5 info lifecycle stock-portfolio@1.0.0~pretest: stock-portfolio@1.0.0
6 silly lifecycle stock-portfolio@1.0.0~pretest: no script for pretest, continuing
7 info lifecycle stock-portfolio@1.0.0~test: stock-portfolio@1.0.0
8 verbose lifecycle stock-portfolio@1.0.0~test: unsafe-perm in lifecycle true
9 verbose lifecycle stock-portfolio@1.0.0~test: PATH: /Users/dayne.mentier/.nvm/versions/node/v6.3.0/lib/node_modules/npm/bin/node-gyp-bin:/Users/dayne.mentier/Sites/react/node_modules/.bin:/Users/dayne.mentier/.nvm/versions/node/v6.3.0/bin:/Users/dayne.mentier/.nvm/versions/node/v6.3.0/bin:/opt/local/bin:/opt/local/sbin:/Users/dayne.mentier/.gvm/vertx/current/bin:/Users/dayne.mentier/.gvm/springboot/current/bin:/Users/dayne.mentier/.gvm/lazybones/current/bin:/Users/dayne.mentier/.gvm/jbossforge/current/bin:/Users/dayne.mentier/.gvm/jbake/current/bin:/Users/dayne.mentier/.gvm/groovyserv/current/bin:/Users/dayne.mentier/.gvm/groovy/current/bin:/Users/dayne.mentier/.gvm/griffon/current/bin:/Users/dayne.mentier/.gvm/grails/current/bin:/Users/dayne.mentier/.gvm/gradle/current/bin:/Users/dayne.mentier/.gvm/glide/current/bin:/Users/dayne.mentier/.gvm/gaiden/current/bin:/Users/dayne.mentier/.gvm/crash/current/bin:/Users/dayne.mentier/.gvm/asciidoctorj/current/bin:/usr/local/bin:/usr/bin:/bin:/usr/sbin:/sbin
10 verbose lifecycle stock-portfolio@1.0.0~test: CWD: /Users/dayne.mentier/Sites/react
11 silly lifecycle stock-portfolio@1.0.0~test: Args: [ '-c', 'karma start' ]
12 silly lifecycle stock-portfolio@1.0.0~test: Returned: code: 1  signal: null
13 info lifecycle stock-portfolio@1.0.0~test: Failed to exec test script
14 verbose stack Error: stock-portfolio@1.0.0 test: `karma start`
14 verbose stack Exit status 1
14 verbose stack     at EventEmitter.<anonymous> (/Users/dayne.mentier/.nvm/versions/node/v6.3.0/lib/node_modules/npm/lib/utils/lifecycle.js:242:16)
14 verbose stack     at emitTwo (events.js:106:13)
14 verbose stack     at EventEmitter.emit (events.js:191:7)
14 verbose stack     at ChildProcess.<anonymous> (/Users/dayne.mentier/.nvm/versions/node/v6.3.0/lib/node_modules/npm/lib/utils/spawn.js:40:14)
14 verbose stack     at emitTwo (events.js:106:13)
14 verbose stack     at ChildProcess.emit (events.js:191:7)
14 verbose stack     at maybeClose (internal/child_process.js:852:16)
14 verbose stack     at Process.ChildProcess._handle.onexit (internal/child_process.js:215:5)
15 verbose pkgid stock-portfolio@1.0.0
16 verbose cwd /Users/dayne.mentier/Sites/react
17 error Darwin 15.5.0
18 error argv "/Users/dayne.mentier/.nvm/versions/node/v6.3.0/bin/node" "/Users/dayne.mentier/.nvm/versions/node/v6.3.0/bin/npm" "run" "test"
19 error node v6.3.0
20 error npm  v3.10.3
21 error code ELIFECYCLE
22 error stock-portfolio@1.0.0 test: `karma start`
22 error Exit status 1
23 error Failed at the stock-portfolio@1.0.0 test script 'karma start'.
23 error Make sure you have the latest version of node.js and npm installed.
23 error If you do, this is most likely a problem with the stock-portfolio package,
23 error not with npm itself.
23 error Tell the author that this fails on your system:
23 error     karma start
23 error You can get information on how to open an issue for this project with:
23 error     npm bugs stock-portfolio
23 error Or if that isn't available, you can get their info via:
23 error     npm owner ls stock-portfolio
23 error There is likely additional logging output above.
24 verbose exit [ 1, true ]
